
C:\CodeWork\C++\websocket\x64\Debug\cpprest_2_10d.dll
C:\CodeWork\C++\websocket\x64\Debug\libssl-3-x64.dll
C:\CodeWork\C++\websocket\x64\Debug\libcrypto-3-x64.dll
C:\CodeWork\C++\websocket\x64\Debug\zlibd1.dll
C:\CodeWork\C++\websocket\x64\Debug\brotlienc.dll
C:\CodeWork\C++\websocket\x64\Debug\brotlicommon.dll
C:\CodeWork\C++\websocket\x64\Debug\brotlidec.dll
C:\CodeWork\C++\websocket\x64\Debug\opencv_core4d.dll
C:\CodeWork\C++\websocket\x64\Debug\opencv_highgui4d.dll
C:\CodeWork\C++\websocket\x64\Debug\opencv_videoio4d.dll
C:\CodeWork\C++\websocket\x64\Debug\opencv_imgcodecs4d.dll
C:\CodeWork\C++\websocket\x64\Debug\opencv_imgproc4d.dll
C:\CodeWork\C++\websocket\x64\Debug\jpeg62.dll
C:\CodeWork\C++\websocket\x64\Debug\libwebpdecoder.dll
C:\CodeWork\C++\websocket\x64\Debug\libwebp.dll
C:\CodeWork\C++\websocket\x64\Debug\libsharpyuv.dll
C:\CodeWork\C++\websocket\x64\Debug\libpng16d.dll
C:\CodeWork\C++\websocket\x64\Debug\tiffd.dll
C:\CodeWork\C++\websocket\x64\Debug\liblzma.dll
C:\CodeWork\C++\websocket\x64\Debug\opencv_objdetect4d.dll
C:\CodeWork\C++\websocket\x64\Debug\opencv_dnn4d.dll
C:\CodeWork\C++\websocket\x64\Debug\libprotobufd.dll
C:\CodeWork\C++\websocket\x64\Debug\opencv_calib3d4d.dll
C:\CodeWork\C++\websocket\x64\Debug\opencv_features2d4d.dll
C:\CodeWork\C++\websocket\x64\Debug\opencv_flann4d.dll
C:\CodeWork\C++\websocket\x64\Debug\opencv_video4d.dll
