
C:\CodeWork\C++\websocket\x64\Release\cpprest_2_10.dll
C:\CodeWork\C++\websocket\x64\Release\libssl-3-x64.dll
C:\CodeWork\C++\websocket\x64\Release\libcrypto-3-x64.dll
C:\CodeWork\C++\websocket\x64\Release\zlib1.dll
C:\CodeWork\C++\websocket\x64\Release\brotlienc.dll
C:\CodeWork\C++\websocket\x64\Release\brotlicommon.dll
C:\CodeWork\C++\websocket\x64\Release\brotlidec.dll
C:\CodeWork\C++\websocket\x64\Release\opencv_core4.dll
C:\CodeWork\C++\websocket\x64\Release\opencv_highgui4.dll
C:\CodeWork\C++\websocket\x64\Release\opencv_videoio4.dll
C:\CodeWork\C++\websocket\x64\Release\opencv_imgcodecs4.dll
C:\CodeWork\C++\websocket\x64\Release\opencv_imgproc4.dll
C:\CodeWork\C++\websocket\x64\Release\jpeg62.dll
C:\CodeWork\C++\websocket\x64\Release\libwebpdecoder.dll
C:\CodeWork\C++\websocket\x64\Release\libwebp.dll
C:\CodeWork\C++\websocket\x64\Release\libsharpyuv.dll
C:\CodeWork\C++\websocket\x64\Release\libpng16.dll
C:\CodeWork\C++\websocket\x64\Release\tiff.dll
C:\CodeWork\C++\websocket\x64\Release\liblzma.dll
C:\CodeWork\C++\websocket\x64\Release\opencv_objdetect4.dll
C:\CodeWork\C++\websocket\x64\Release\opencv_dnn4.dll
C:\CodeWork\C++\websocket\x64\Release\libprotobuf.dll
C:\CodeWork\C++\websocket\x64\Release\opencv_calib3d4.dll
C:\CodeWork\C++\websocket\x64\Release\opencv_features2d4.dll
C:\CodeWork\C++\websocket\x64\Release\opencv_flann4.dll
C:\CodeWork\C++\websocket\x64\Release\opencv_video4.dll
