  source.cpp
  Please define _WIN32_WINNT or _WIN32_WINDOWS appropriately. For example:
  - add -D_WIN32_WINNT=0x0601 to the compiler command line; or
  - add _WIN32_WINNT=0x0601 to your project's Preprocessor Definitions.
  Assuming _WIN32_WINNT=0x0601 (i.e. Windows 7 target).
C:\CodeWork\vcpkg\installed\x64-windows\include\opencv2\core.hpp(1187,1): warning C4819: 현재 코드 페이지(949)에서 표시할 수 없는 문자가 파일에 들어 있습니다. 데이터가 손실되지 않게 하려면 해당 파일을 유니코드 형식으로 저장하십시오.
  (소스 파일 'source.cpp'을(를) 컴파일하는 중)
  
C:\CodeWork\vcpkg\installed\x64-windows\include\opencv2\core.hpp(1187,1): warning C4819: 현재 코드 페이지(949)에서 표시할 수 없는 문자가 파일에 들어 있습니다. 데이터가 손실되지 않게 하려면 해당 파일을 유니코드 형식으로 저장하십시오.
  (소스 파일 'source.cpp'을(를) 컴파일하는 중)
  
C:\CodeWork\vcpkg\installed\x64-windows\include\opencv2\core.hpp(1187,1): warning C4819: 현재 코드 페이지(949)에서 표시할 수 없는 문자가 파일에 들어 있습니다. 데이터가 손실되지 않게 하려면 해당 파일을 유니코드 형식으로 저장하십시오.
  (소스 파일 'source.cpp'을(를) 컴파일하는 중)
  
  cvui.h: compiling implementation because of CVUI_IMPLEMENTATION. See: https://dovyski.github.io/cvui/usage/
  코드를 생성하고 있습니다.
  6 of 3849 functions ( 0.2%) were compiled, the rest were copied from previous compilation.
    0 functions were new in current compilation
    4 functions had inline decision re-evaluated but remain unchanged
  코드를 생성했습니다.
  websocket.vcxproj -> C:\CodeWork\C++\websocket\x64\Release\websocket.exe
  'pwsh.exe'은(는) 내부 또는 외부 명령, 실행할 수 있는 프로그램, 또는
  배치 파일이 아닙니다.
